<?xml version="1.0" encoding="UTF-8" ?>
<testsuite tests="5" failures="5" name="com.example.bigcompany.EmployeeProcessorTest" time="0.003" errors="0" skipped="0">
  <properties>
[...]
</properties>
  <testcase classname="com.example.bigcompany.EmployeeProcessorTest" name="com.example.bigcompany.EmployeeProcessorTest.testMissingManagerHandling" time="0.002">
    <failure message="Cannot invoke &quot;com.example.bigcompany.EmployeeProcessor.loadEmployees(String)&quot; because &quot;this.processor&quot; is null" type="java.lang.NullPointerException">java.lang.NullPointerException: Cannot invoke &quot;com.example.bigcompany.EmployeeProcessor.loadEmployees(String)&quot; because &quot;this.processor&quot; is null
	at com.example.bigcompany.EmployeeProcessorTest.testMissingManagerHandling(EmployeeProcessorTest.java:71)
</failure>
  </testcase>
  <testcase classname="com.example.bigcompany.EmployeeProcessorTest" name="com.example.bigcompany.EmployeeProcessorTest.testLoadEmployees_successfulLoad" time="0">
    <failure message="Cannot invoke &quot;com.example.bigcompany.EmployeeProcessor.loadEmployees(String)&quot; because &quot;this.processor&quot; is null" type="java.lang.NullPointerException">java.lang.NullPointerException: Cannot invoke &quot;com.example.bigcompany.EmployeeProcessor.loadEmployees(String)&quot; because &quot;this.processor&quot; is null
	at com.example.bigcompany.EmployeeProcessorTest.testLoadEmployees_successfulLoad(EmployeeProcessorTest.java:21)
</failure>
  </testcase>
  <testcase classname="com.example.bigcompany.EmployeeProcessorTest" name="com.example.bigcompany.EmployeeProcessorTest.testSalaryAnalysis_managerEarningLess" time="0">
    <failure message="Cannot invoke &quot;com.example.bigcompany.EmployeeProcessor.loadEmployees(String)&quot; because &quot;this.processor&quot; is null" type="java.lang.NullPointerException">java.lang.NullPointerException: Cannot invoke &quot;com.example.bigcompany.EmployeeProcessor.loadEmployees(String)&quot; because &quot;this.processor&quot; is null
	at com.example.bigcompany.EmployeeProcessorTest.testSalaryAnalysis_managerEarningLess(EmployeeProcessorTest.java:35)
</failure>
  </testcase>
  <testcase classname="com.example.bigcompany.EmployeeProcessorTest" name="com.example.bigcompany.EmployeeProcessorTest.testSalaryAnalysis_managerEarningMore" time="0.001">
    <failure message="Cannot invoke &quot;com.example.bigcompany.EmployeeProcessor.loadEmployees(String)&quot; because &quot;this.processor&quot; is null" type="java.lang.NullPointerException">java.lang.NullPointerException: Cannot invoke &quot;com.example.bigcompany.EmployeeProcessor.loadEmployees(String)&quot; because &quot;this.processor&quot; is null
	at com.example.bigcompany.EmployeeProcessorTest.testSalaryAnalysis_managerEarningMore(EmployeeProcessorTest.java:47)
</failure>
  </testcase>
  <testcase classname="com.example.bigcompany.EmployeeProcessorTest" name="com.example.bigcompany.EmployeeProcessorTest.testReportingLines_excessiveChainLength" time="0">
    <failure message="Cannot invoke &quot;com.example.bigcompany.EmployeeProcessor.loadEmployees(String)&quot; because &quot;this.processor&quot; is null" type="java.lang.NullPointerException">java.lang.NullPointerException: Cannot invoke &quot;com.example.bigcompany.EmployeeProcessor.loadEmployees(String)&quot; because &quot;this.processor&quot; is null
	at com.example.bigcompany.EmployeeProcessorTest.testReportingLines_excessiveChainLength(EmployeeProcessorTest.java:59)
</failure>
  </testcase>
</testsuite>